<?xml version="1.0" encoding="UTF-8"?>
<!-- Generated by org.testng.reporters.JUnitXMLReporter -->
<testsuite ignored="0" hostname="DESKTOP-QA4MQIL" failures="0" tests="3" name="Default test" time="34.305" errors="0" timestamp="2024-02-26T17:37:25 BDT">
  <testcase classname="testCase.LoginAndAddCart" name="navigate" time="7.901"/>
  <testcase classname="testCase.LoginAndAddCart" name="logIn" time="6.137"/>
  <testcase classname="testCase.LoginAndAddCart" name="addToCart" time="15.24"/>
</testsuite> <!-- Default test -->
